<?xml version="1.0" encoding="UTF-8"?>
<!-- Generated by org.testng.reporters.JUnitReportReporter -->
<testsuite hostname="DESKTOP-549JKD3" failures="0" tests="5" name="testCases.TC003_LoginDDT" time="63.881" errors="0" timestamp="2026-04-07T15:56:33 IST" skipped="0">
  <testcase classname="testCases.TC003_LoginDDT" name="verify_loginDDT" time="14.912"/>
  <testcase classname="testCases.TC003_LoginDDT" name="verify_loginDDT" time="13.978"/>
  <testcase classname="testCases.TC003_LoginDDT" name="verify_loginDDT" time="6.176"/>
  <testcase classname="testCases.TC003_LoginDDT" name="verify_loginDDT" time="14.030"/>
  <testcase classname="testCases.TC003_LoginDDT" name="verify_loginDDT" time="14.785"/>
</testsuite> <!-- testCases.TC003_LoginDDT -->
